<?xml version="1.0" encoding="UTF-8"?>
<testng-results skipped="0" failed="0" total="1" passed="1">
  <reporter-output>
  </reporter-output>
  <suite name="testjxc" duration-ms="12411" started-at="2017-12-12T07:02:46Z" finished-at="2017-12-12T07:02:58Z">
    <groups>
    </groups>
    <test name="Practice1" duration-ms="12411" started-at="2017-12-12T07:02:46Z" finished-at="2017-12-12T07:02:58Z">
      <class name="pages.LoginHomepage">
        <test-method status="PASS" signature="startFirefox(java.lang.String, java.lang.String)[pri:0, instance:pages.LoginHomepage@548b7f67]" name="startFirefox" is-config="true" duration-ms="7984" started-at="2017-12-12T15:02:46Z" finished-at="2017-12-12T15:02:54Z">
          <params>
            <param index="0">
              <value>
                <![CDATA[\data\test.properties]]>
              </value>
            </param>
            <param index="1">
              <value>
                <![CDATA[\data\locators.properties]]>
              </value>
            </param>
          </params>
          <reporter-output>
          </reporter-output>
        </test-method> <!-- startFirefox -->
        <test-method status="PASS" signature="testLogin()[pri:0, instance:pages.LoginHomepage@548b7f67]" name="testLogin" duration-ms="4411" started-at="2017-12-12T15:02:54Z" finished-at="2017-12-12T15:02:58Z">
          <reporter-output>
          </reporter-output>
        </test-method> <!-- testLogin -->
      </class> <!-- pages.LoginHomepage -->
    </test> <!-- Practice1 -->
  </suite> <!-- testjxc -->
</testng-results>
